Log file open, 11/19/18 12:29:59
LogWindows: Failed to load 'aqProf.dll' (GetLastError=126)
LogWindows: File 'aqProf.dll' does not exist
LogWindows: Failed to load 'VtuneApi.dll' (GetLastError=126)
LogWindows: File 'VtuneApi.dll' does not exist
LogWindows: Failed to load 'VtuneApi32e.dll' (GetLastError=126)
LogWindows: File 'VtuneApi32e.dll' does not exist
LogInit: Display: Running engine for game: Salvation
LogPlatformFile: Not using cached read wrapper
LogInit: Display: RandInit(1438735695) SRandInit(1438735695).
LogInit: Read version file with build ID '3944462'
LogInit: Overriding engine version to CL 4033788, compatible CL 3944462
LogInit: Registered custom module enumerator with build ID '3944462'
LogTaskGraph: Started task graph with 5 named threads and 14 total threads with 3 sets of task threads.
LogStats: Stats thread started at 0.155731
LogD3D11RHI: Aftermath initialized
LogICUInternationalization: Display: ICU TimeZone Detection - Raw Offset: -8:00, Platform Override: ''
LogModuleManager: Display: Found up-to-date module file ../../../Engine/Plugins/2D/Paper2D/Binaries/Win64/UE4Editor-Paper2D.dll (API version 3944462).
LogModuleManager: Display: Found up-to-date module file ../../../Engine/Plugins/2D/Paper2D/Binaries/Win64/UE4Editor-Paper2DEditor.dll (API version 3944462).
LogModuleManager: Display: Found up-to-date module file ../../../Engine/Plugins/2D/Paper2D/Binaries/Win64/UE4Editor-PaperSpriteSheetImporter.dll (API version 3944462).
LogModuleManager: Display: Found up-to-date module file ../../../Engine/Plugins/2D/Paper2D/Binaries/Win64/UE4Editor-PaperTiledImporter.dll (API version 3944462).
LogModuleManager: Display: Found up-to-date module file ../../../Engine/Plugins/2D/Paper2D/Binaries/Win64/UE4Editor-SmartSnapping.dll (API version 3944462).
LogModuleManager: Display: Found up-to-date module file ../../../Engine/Plugins/Blendables/LightPropagationVolume/Binaries/Win64/UE4Editor-LightPropagationVolumeRuntime.dll (API version 3944462).
LogModuleManager: Display: Found up-to-date module file ../../../Engine/Plugins/Blendables/LightPropagationVolume/Binaries/Win64/UE4Editor-LightPropagationVolumeEditor.dll (API version 3944462).
LogModuleManager: Display: Found up-to-date module file ../../../Engine/Plugins/Developer/CLionSourceCodeAccess/Binaries/Win64/UE4Editor-CLionSourceCodeAccess.dll (API version 3944462).
LogModuleManager: Display: Found up-to-date module file ../../../Engine/Plugins/Developer/GitSourceControl/Binaries/Win64/UE4Editor-GitSourceControl.dll (API version 3944462).
LogModuleManager: Display: Found up-to-date module file ../../../Engine/Plugins/Developer/PerforceSourceControl/Binaries/Win64/UE4Editor-PerforceSourceControl.dll (API version 3944462).
LogModuleManager: Display: Found up-to-date module file ../../../Engine/Plugins/Developer/SubversionSourceControl/Binaries/Win64/UE4Editor-SubversionSourceControl.dll (API version 3944462).
LogModuleManager: Display: Found up-to-date module file ../../../Engine/Plugins/Developer/UObjectPlugin/Binaries/Win64/UE4Editor-UObjectPlugin.dll (API version 3944462).
LogModuleManager: Display: Found up-to-date module file ../../../Engine/Plugins/Developer/VisualStudioCodeSourceCodeAccess/Binaries/Win64/UE4Editor-VisualStudioCodeSourceCodeAccess.dll (API version 3944462).
LogModuleManager: Display: Found up-to-date module file ../../../Engine/Plugins/Developer/VisualStudioSourceCodeAccess/Binaries/Win64/UE4Editor-VisualStudioSourceCodeAccess.dll (API version 3944462).
LogModuleManager: Display: Found up-to-date module file ../../../Engine/Plugins/Editor/AssetManagerEditor/Binaries/Win64/UE4Editor-AssetManagerEditor.dll (API version 3944462).
LogModuleManager: Display: Found up-to-date module file ../../../Engine/Plugins/Editor/CryptoKeys/Binaries/Win64/UE4Editor-CryptoKeys.dll (API version 3944462).
LogModuleManager: Display: Found up-to-date module file ../../../Engine/Plugins/Editor/CryptoKeys/Binaries/Win64/UE4Editor-CryptoKeysOpenSSL.dll (API version 3944462).
LogModuleManager: Display: Found up-to-date module file ../../../Engine/Plugins/Editor/DataValidation/Binaries/Win64/UE4Editor-DataValidation.dll (API version 3944462).
LogModuleManager: Display: Found up-to-date module file ../../../Engine/Plugins/Editor/FacialAnimation/Binaries/Win64/UE4Editor-FacialAnimation.dll (API version 3944462).
LogModuleManager: Display: Found up-to-date module file ../../../Engine/Plugins/Editor/FacialAnimation/Binaries/Win64/UE4Editor-FacialAnimationEditor.dll (API version 3944462).
LogModuleManager: Display: Found up-to-date module file ../../../Engine/Plugins/Editor/GameplayTagsEditor/Binaries/Win64/UE4Editor-GameplayTagsEditor.dll (API version 3944462).
LogModuleManager: Display: Found up-to-date module file ../../../Engine/Plugins/Editor/MobileLauncherProfileWizard/Binaries/Win64/UE4Editor-MobileLauncherProfileWizard.dll (API version 3944462).
LogModuleManager: Display: Found up-to-date module file ../../../Engine/Plugins/Editor/PluginBrowser/Binaries/Win64/UE4Editor-PluginBrowser.dll (API version 3944462).
LogModuleManager: Display: Found up-to-date module file ../../../Engine/Plugins/Editor/SpeedTreeImporter/Binaries/Win64/UE4Editor-SpeedTreeImporter.dll (API version 3944462).
LogModuleManager: Display: Found up-to-date module file ../../../Engine/Plugins/Enterprise/DatasmithContent/Binaries/Win64/UE4Editor-DatasmithContent.dll (API version 3944462).
LogModuleManager: Display: Found up-to-date module file ../../../Engine/Plugins/Experimental/AlembicImporter/Binaries/Win64/UE4Editor-AlembicImporter.dll (API version 3944462).
LogModuleManager: Display: Found up-to-date module file ../../../Engine/Plugins/Experimental/AlembicImporter/Binaries/Win64/UE4Editor-AlembicLibrary.dll (API version 3944462).
LogModuleManager: Display: Found up-to-date module file ../../../Engine/Plugins/Experimental/CharacterAI/Binaries/Win64/UE4Editor-CharacterAI.dll (API version 3944462).
LogModuleManager: Display: Found up-to-date module file ../../../Engine/Plugins/Experimental/HTML5Networking/Binaries/Win64/UE4Editor-HTML5Networking.dll (API version 3944462).
LogModuleManager: Display: Found up-to-date module file ../../../Engine/Plugins/Media/AndroidMedia/Binaries/Win64/UE4Editor-AndroidMediaEditor.dll (API version 3944462).
LogModuleManager: Display: Found up-to-date module file ../../../Engine/Plugins/Media/AndroidMedia/Binaries/Win64/UE4Editor-AndroidMediaFactory.dll (API version 3944462).
LogModuleManager: Display: Found up-to-date module file ../../../Engine/Plugins/Media/AvfMedia/Binaries/Win64/UE4Editor-AvfMediaEditor.dll (API version 3944462).
LogModuleManager: Display: Found up-to-date module file ../../../Engine/Plugins/Media/AvfMedia/Binaries/Win64/UE4Editor-AvfMediaFactory.dll (API version 3944462).
LogModuleManager: Display: Found up-to-date module file ../../../Engine/Plugins/Media/AvfMedia/Binaries/Win64/UE4Editor-AvfMediaFactory.dll (API version 3944462).
LogModuleManager: Display: Found up-to-date module file ../../../Engine/Plugins/Media/ImgMedia/Binaries/Win64/UE4Editor-ImgMedia.dll (API version 3944462).
LogModuleManager: Display: Found up-to-date module file ../../../Engine/Plugins/Media/ImgMedia/Binaries/Win64/UE4Editor-ImgMediaEditor.dll (API version 3944462).
LogModuleManager: Display: Found up-to-date module file ../../../Engine/Plugins/Media/ImgMedia/Binaries/Win64/UE4Editor-ImgMediaFactory.dll (API version 3944462).
LogModuleManager: Display: Found up-to-date module file ../../../Engine/Plugins/Media/ImgMedia/Binaries/Win64/UE4Editor-ImgMediaFactory.dll (API version 3944462).
LogModuleManager: Display: Found up-to-date module file ../../../Engine/Plugins/Media/ImgMedia/Binaries/Win64/UE4Editor-OpenExrWrapper.dll (API version 3944462).
LogModuleManager: Display: Found up-to-date module file ../../../Engine/Plugins/Media/LinearTimecode/Binaries/Win64/UE4Editor-LinearTimecode.dll (API version 3944462).
LogModuleManager: Display: Found up-to-date module file ../../../Engine/Plugins/Media/MediaCompositing/Binaries/Win64/UE4Editor-MediaCompositing.dll (API version 3944462).
LogModuleManager: Display: Found up-to-date module file ../../../Engine/Plugins/Media/MediaCompositing/Binaries/Win64/UE4Editor-MediaCompositingEditor.dll (API version 3944462).
LogModuleManager: Display: Found up-to-date module file ../../../Engine/Plugins/Media/MediaPlayerEditor/Binaries/Win64/UE4Editor-MediaPlayerEditor.dll (API version 3944462).
LogModuleManager: Display: Found up-to-date module file ../../../Engine/Plugins/Media/WmfMedia/Binaries/Win64/UE4Editor-WmfMedia.dll (API version 3944462).
LogModuleManager: Display: Found up-to-date module file ../../../Engine/Plugins/Media/WmfMedia/Binaries/Win64/UE4Editor-WmfMediaEditor.dll (API version 3944462).
LogModuleManager: Display: Found up-to-date module file ../../../Engine/Plugins/Media/WmfMedia/Binaries/Win64/UE4Editor-WmfMediaFactory.dll (API version 3944462).
LogModuleManager: Display: Found up-to-date module file ../../../Engine/Plugins/Media/WmfMedia/Binaries/Win64/UE4Editor-WmfMediaFactory.dll (API version 3944462).
LogModuleManager: Display: Found up-to-date module file ../../../Engine/Plugins/Messaging/TcpMessaging/Binaries/Win64/UE4Editor-TcpMessaging.dll (API version 3944462).
LogModuleManager: Display: Found up-to-date module file ../../../Engine/Plugins/Messaging/UdpMessaging/Binaries/Win64/UE4Editor-UdpMessaging.dll (API version 3944462).
LogModuleManager: Display: Found up-to-date module file ../../../Engine/Plugins/MovieScene/ActorSequence/Binaries/Win64/UE4Editor-ActorSequence.dll (API version 3944462).
LogModuleManager: Display: Found up-to-date module file ../../../Engine/Plugins/MovieScene/LevelSequenceEditor/Binaries/Win64/UE4Editor-LevelSequenceEditor.dll (API version 3944462).
LogModuleManager: Display: Found up-to-date module file ../../../Engine/Plugins/MovieScene/MatineeToLevelSequence/Binaries/Win64/UE4Editor-MatineeToLevelSequence.dll (API version 3944462).
LogModuleManager: Display: Found up-to-date module file ../../../Engine/Plugins/NetcodeUnitTest/NetcodeUnitTest/Binaries/Win64/UE4Editor-NetcodeUnitTest.dll (API version 3944462).
LogModuleManager: Display: Found up-to-date module file ../../../Engine/Plugins/NetcodeUnitTest/NUTUnrealEngine4/Binaries/Win64/UE4Editor-NUTUnrealEngine4.dll (API version 3944462).
LogModuleManager: Display: Found up-to-date module file ../../../Engine/Plugins/Online/OnlineSubsystem/Binaries/Win64/UE4Editor-OnlineSubsystem.dll (API version 3944462).
LogModuleManager: Display: Found up-to-date module file ../../../Engine/Plugins/Runtime/AndroidPermission/Binaries/Win64/UE4Editor-AndroidPermission.dll (API version 3944462).
LogModuleManager: Display: Found up-to-date module file ../../../Engine/Plugins/Online/OnlineSubsystemNull/Binaries/Win64/UE4Editor-OnlineSubsystemNull.dll (API version 3944462).
LogModuleManager: Display: Found up-to-date module file ../../../Engine/Plugins/Online/OnlineSubsystemUtils/Binaries/Win64/UE4Editor-OnlineSubsystemUtils.dll (API version 3944462).
LogModuleManager: Display: Found up-to-date module file ../../../Engine/Plugins/Online/OnlineSubsystemUtils/Binaries/Win64/UE4Editor-OnlineBlueprintSupport.dll (API version 3944462).
LogModuleManager: Display: Found up-to-date module file ../../../Engine/Plugins/Runtime/AndroidDeviceProfileSelector/Binaries/Win64/UE4Editor-AndroidDeviceProfileSelector.dll (API version 3944462).
LogModuleManager: Display: Found up-to-date module file ../../../Engine/Plugins/Runtime/AppleARKit/Binaries/Win64/UE4Editor-AppleARKit.dll (API version 3944462).
LogModuleManager: Display: Found up-to-date module file ../../../Engine/Plugins/Runtime/ProceduralMeshComponent/Binaries/Win64/UE4Editor-ProceduralMeshComponent.dll (API version 3944462).
LogModuleManager: Display: Found up-to-date module file ../../../Engine/Plugins/Runtime/ProceduralMeshComponent/Binaries/Win64/UE4Editor-ProceduralMeshComponentEditor.dll (API version 3944462).
LogModuleManager: Display: Found up-to-date module file ../../../Engine/Plugins/Animation/LiveLink/Binaries/Win64/UE4Editor-LiveLink.dll (API version 3944462).
LogModuleManager: Display: Found up-to-date module file ../../../Engine/Plugins/Animation/LiveLink/Binaries/Win64/UE4Editor-LiveLinkEditor.dll (API version 3944462).
LogModuleManager: Display: Found up-to-date module file ../../../Engine/Plugins/Runtime/ArchVisCharacter/Binaries/Win64/UE4Editor-ArchVisCharacter.dll (API version 3944462).
LogModuleManager: Display: Found up-to-date module file ../../../Engine/Plugins/Runtime/AudioCapture/Binaries/Win64/UE4Editor-AudioCapture.dll (API version 3944462).
LogModuleManager: Display: Found up-to-date module file ../../../Engine/Plugins/Runtime/AudioCapture/Binaries/Win64/UE4Editor-AudioCaptureEditor.dll (API version 3944462).
LogModuleManager: Display: Found up-to-date module file ../../../Engine/Plugins/Runtime/CableComponent/Binaries/Win64/UE4Editor-CableComponent.dll (API version 3944462).
LogModuleManager: Display: Found up-to-date module file ../../../Engine/Plugins/Runtime/CustomMeshComponent/Binaries/Win64/UE4Editor-CustomMeshComponent.dll (API version 3944462).
LogModuleManager: Display: Found up-to-date module file ../../../Engine/Plugins/Runtime/ExampleDeviceProfileSelector/Binaries/Win64/UE4Editor-ExampleDeviceProfileSelector.dll (API version 3944462).
LogModuleManager: Display: Found up-to-date module file ../../../Engine/Plugins/Runtime/ImmediatePhysics/Binaries/Win64/UE4Editor-ImmediatePhysics.dll (API version 3944462).
LogModuleManager: Display: Found up-to-date module file ../../../Engine/Plugins/Runtime/ImmediatePhysics/Binaries/Win64/UE4Editor-ImmediatePhysicsEditor.dll (API version 3944462).
LogModuleManager: Display: Found up-to-date module file ../../../Engine/Plugins/Runtime/LocationServicesBPLibrary/Binaries/Win64/UE4Editor-LocationServicesBPLibrary.dll (API version 3944462).
LogModuleManager: Display: Found up-to-date module file ../../../Engine/Plugins/Runtime/MobilePatchingUtils/Binaries/Win64/UE4Editor-MobilePatchingUtils.dll (API version 3944462).
LogModuleManager: Display: Found up-to-date module file ../../../Engine/Plugins/Runtime/Oculus/OculusVR/Binaries/Win64/UE4Editor-OculusHMD.dll (API version 3944462).
LogModuleManager: Display: Found up-to-date module file ../../../Engine/Plugins/Runtime/Oculus/OculusVR/Binaries/Win64/UE4Editor-OculusInput.dll (API version 3944462).
LogModuleManager: Display: Found up-to-date module file ../../../Engine/Plugins/Runtime/Oculus/OculusVR/Binaries/Win64/UE4Editor-OculusEditor.dll (API version 3944462).
LogModuleManager: Display: Found up-to-date module file ../../../Engine/Plugins/Runtime/PhysXVehicles/Binaries/Win64/UE4Editor-PhysXVehicles.dll (API version 3944462).
LogModuleManager: Display: Found up-to-date module file ../../../Engine/Plugins/Runtime/PhysXVehicles/Binaries/Win64/UE4Editor-PhysXVehiclesEditor.dll (API version 3944462).
LogModuleManager: Display: Found up-to-date module file ../../../Engine/Plugins/Runtime/RuntimePhysXCooking/Binaries/Win64/UE4Editor-RuntimePhysXCooking.dll (API version 3944462).
LogModuleManager: Display: Found up-to-date module file ../../../Engine/Plugins/Runtime/Steam/SteamVR/Binaries/Win64/UE4Editor-SteamVR.dll (API version 3944462).
LogModuleManager: Display: Found up-to-date module file ../../../Engine/Plugins/Runtime/Steam/SteamVR/Binaries/Win64/UE4Editor-SteamVRController.dll (API version 3944462).
LogModuleManager: Display: Found up-to-date module file ../../../Engine/Plugins/Runtime/WindowsMoviePlayer/Binaries/Win64/UE4Editor-WindowsMoviePlayer.dll (API version 3944462).
LogPluginManager: Mounting plugin Paper2D
LogPluginManager: Mounting plugin LiveLink
LogPluginManager: Mounting plugin LightPropagationVolume
LogPluginManager: Mounting plugin CLionSourceCodeAccess
LogPluginManager: Mounting plugin CodeLiteSourceCodeAccess
LogPluginManager: Mounting plugin GitSourceControl
LogPluginManager: Mounting plugin KDevelopSourceCodeAccess
LogPluginManager: Mounting plugin NullSourceCodeAccess
LogPluginManager: Mounting plugin PerforceSourceControl
LogPluginManager: Mounting plugin SubversionSourceControl
LogPluginManager: Mounting plugin UObjectPlugin
LogPluginManager: Mounting plugin VisualStudioCodeSourceCodeAccess
LogPluginManager: Mounting plugin VisualStudioSourceCodeAccess
LogPluginManager: Mounting plugin XCodeSourceCodeAccess
LogPluginManager: Mounting plugin AssetManagerEditor
LogPluginManager: Mounting plugin CryptoKeys
LogPluginManager: Mounting plugin DataValidation
LogPluginManager: Mounting plugin FacialAnimation
LogPluginManager: Mounting plugin GameplayTagsEditor
LogPluginManager: Mounting plugin MobileLauncherProfileWizard
LogPluginManager: Mounting plugin PluginBrowser
LogPluginManager: Mounting plugin SpeedTreeImporter
LogPluginManager: Mounting plugin DatasmithContent
LogPluginManager: Mounting plugin AlembicImporter
LogPluginManager: Mounting plugin CharacterAI
LogPluginManager: Mounting plugin HTML5Networking
LogPluginManager: Mounting plugin AndroidMedia
LogPluginManager: Mounting plugin AvfMedia
LogPluginManager: Mounting plugin ImgMedia
LogPluginManager: Mounting plugin LinearTimecode
LogPluginManager: Mounting plugin MediaCompositing
LogPluginManager: Mounting plugin MediaPlayerEditor
LogPluginManager: Mounting plugin WmfMedia
LogPluginManager: Mounting plugin TcpMessaging
LogPluginManager: Mounting plugin UdpMessaging
LogPluginManager: Mounting plugin ActorSequence
LogPluginManager: Mounting plugin LevelSequenceEditor
LogPluginManager: Mounting plugin MatineeToLevelSequence
LogPluginManager: Mounting plugin NetcodeUnitTest
LogPluginManager: Mounting plugin NUTUnrealEngine4
LogPluginManager: Mounting plugin OnlineSubsystemGooglePlay
LogPluginManager: Mounting plugin OnlineSubsystemIOS
LogPluginManager: Mounting plugin OnlineSubsystem
LogPluginManager: Mounting plugin OnlineSubsystemNull
LogPluginManager: Mounting plugin OnlineSubsystemUtils
LogPluginManager: Mounting plugin AndroidDeviceProfileSelector
LogPluginManager: Mounting plugin AndroidMoviePlayer
LogPluginManager: Mounting plugin AndroidPermission
LogPluginManager: Mounting plugin AppleARKit
LogPluginManager: Mounting plugin AppleMoviePlayer
LogPluginManager: Mounting plugin ArchVisCharacter
LogPluginManager: Mounting plugin AudioCapture
LogPluginManager: Mounting plugin CableComponent
LogPluginManager: Mounting plugin CustomMeshComponent
LogPluginManager: Mounting plugin ExampleDeviceProfileSelector
LogPluginManager: Mounting plugin GoogleCloudMessaging
LogPluginManager: Mounting plugin ImmediatePhysics
LogPluginManager: Mounting plugin IOSDeviceProfileSelector
LogPluginManager: Mounting plugin LinuxDeviceProfileSelector
LogPluginManager: Mounting plugin LocationServicesBPLibrary
LogPluginManager: Mounting plugin MobilePatchingUtils
LogPluginManager: Mounting plugin OculusVR
LogPluginManager: Plugin shader directory ../../../Engine/Plugins/Runtime/Oculus/OculusVR/Shaders found
LogPluginManager: Mapping shader source directory ../../../Engine/Plugins/Runtime/Oculus/OculusVR/Shaders to virtual directory /Plugin/OculusVR
LogPluginManager: Mounting plugin PhysXVehicles
LogPluginManager: Mounting plugin ProceduralMeshComponent
LogPluginManager: Mounting plugin RuntimePhysXCooking
LogPluginManager: Mounting plugin SteamVR
LogPluginManager: Mounting plugin WindowsMoviePlayer
LogStreaming: Display: Took  0.522s to configure plugins.
LogInit: Using libcurl 7.47.1
LogInit:  - built for x86_64-pc-win32
LogInit:  - supports SSL with OpenSSL/1.0.2g
LogInit:  - supports HTTP deflate (compression) using libz 1.2.8
LogInit:  - other features:
LogInit:      CURL_VERSION_SSL
LogInit:      CURL_VERSION_LIBZ
LogInit:      CURL_VERSION_IPV6
LogInit:      CURL_VERSION_ASYNCHDNS
LogInit:      CURL_VERSION_LARGEFILE
LogInit:      CURL_VERSION_IDN
LogInit:  CurlRequestOptions (configurable via config and command line):
LogInit:  - bVerifyPeer = false  - Libcurl will NOT verify peer certificate
LogInit:  - bUseHttpProxy = false  - Libcurl will NOT use HTTP proxy
LogInit:  - bDontReuseConnections = false  - Libcurl will reuse connections
LogInit:  - CertBundlePath = nullptr  - Libcurl will use whatever was configured at build time.
LogInit:  - MaxHostConnections = 16  - Libcurl will limit the number of connections to a host
LogInit:  - LocalHostAddr = Default
LogInit: WinSock: version 1.1 (2.2), MaxSocks=32767, MaxUdp=65467
LogInit: WinSock: I am Storm-PC (192.168.1.163:0)
LogInit: Build: ++UE4+Release-4.19-CL-4033788
LogInit: Engine Version: 4.19.2-4033788+++UE4+Release-4.19
LogInit: Compatible Engine Version: 4.19.0-3944462+++UE4+Release-4.19
LogInit: Net CL: 3944462
LogDevObjectVersion: Number of dev versions registered: 18
LogDevObjectVersion:   Dev-Blueprints (B0D832E4-1F89-4F0D-ACCF-7EB736FD4AA2): 10
LogDevObjectVersion:   Dev-Build (E1C64328-A22C-4D53-A36C-8E866417BD8C): 0
LogDevObjectVersion:   Dev-Core (375EC13C-06E4-48FB-B500-84F0262A717E): 2
LogDevObjectVersion:   Dev-Editor (E4B068ED-F494-42E9-A231-DA0B2E46BB41): 23
LogDevObjectVersion:   Dev-Framework (CFFC743F-43B0-4480-9391-14DF171D2073): 33
LogDevObjectVersion:   Dev-Mobile (B02B49B5-BB20-44E9-A304-32B752E40360): 2
LogDevObjectVersion:   Dev-Networking (A4E4105C-59A1-49B5-A7C5-40C4547EDFEE): 0
LogDevObjectVersion:   Dev-Online (39C831C9-5AE6-47DC-9A44-9C173E1C8E7C): 0
LogDevObjectVersion:   Dev-Physics (78F01B33-EBEA-4F98-B9B4-84EACCB95AA2): 0
LogDevObjectVersion:   Dev-Platform (6631380F-2D4D-43E0-8009-CF276956A95A): 0
LogDevObjectVersion:   Dev-Rendering (12F88B9F-8875-4AFC-A67C-D90C383ABD29): 25
LogDevObjectVersion:   Dev-Sequencer (7B5AE74C-D270-4C10-A958-57980B212A5A): 6
LogDevObjectVersion:   Dev-VR (D7296918-1DD6-4BDD-9DE2-64A83CC13884): 1
LogDevObjectVersion:   Dev-LoadTimes (C2A15278-BFE7-4AFE-6C17-90FF531DF755): 1
LogDevObjectVersion:   Private-Geometry (6EACA3D4-40EC-4CC1-B786-8BED09428FC5): 2
LogDevObjectVersion:   Dev-AnimPhys (29E575DD-E0A3-4627-9D10-D276232CDCEA): 16
LogDevObjectVersion:   Dev-ReflectionCapture (6B266CEC-1EC7-4B8F-A30B-E4D90942FC07): 1
LogDevObjectVersion:   Dev-Automation (0DF73D61-A23F-47EA-B727-89E90C41499A): 1
LogInit: Compiled (64-bit): Apr 27 2018 02:06:57
LogInit: Compiled with Visual C++: 19.00.24215.01
LogInit: Build Configuration: Development
LogInit: Branch Name: ++UE4+Release-4.19
LogInit: Command Line: -EpicPortal  -epicusername="Stormreach" -epicuserid=7db188dc37b449288495d22003271936 -epiclocale=en-US
LogInit: Base Directory: H:/Engines and Editors/UE_4.19/Engine/Binaries/Win64/
LogInit: Installed Engine Build: 1
LogStreaming: Display: Took  0.000s to delete old logs.
LogInit: Presizing for max 8388607 objects, including 0 objects not considered by GC, pre-allocating 0 bytes for permanent pool.
LogInit: Object subsystem initialized
[2018.11.19-20.29.59:997][  0]LogInit: Selected Device Profile: [Windows]
[2018.11.19-20.29.59:997][  0]LogInit: Applying CVar settings loaded from the selected device profile: [Windows]
[2018.11.19-20.30.00:008][  0]LogInit: Computer: STORM-PC
[2018.11.19-20.30.00:008][  0]LogInit: User: stilg
[2018.11.19-20.30.00:008][  0]LogInit: CPU Page size=4096, Cores=4
[2018.11.19-20.30.00:008][  0]LogInit: High frequency timer resolution =3.703122 MHz
[2018.11.19-20.30.00:008][  0]LogMemory: Memory total: Physical=15.9GB (16GB approx)
[2018.11.19-20.30.00:008][  0]LogMemory: Platform Memory Stats for Windows
[2018.11.19-20.30.00:008][  0]LogMemory: Process Physical Memory: 273.48 MB used, 273.48 MB peak
[2018.11.19-20.30.00:008][  0]LogMemory: Process Virtual Memory: 266.10 MB used, 266.10 MB peak
[2018.11.19-20.30.00:008][  0]LogMemory: Physical Memory: 5564.40 MB used,  10744.66 MB free, 16309.07 MB total
[2018.11.19-20.30.00:008][  0]LogMemory: Virtual Memory: 4786.16 MB used,  10744.66 MB free, 134217728.00 MB total
[2018.11.19-20.30.00:018][  0]LogInit: Using OS detected language (en-US).
[2018.11.19-20.30.00:018][  0]LogInit: Using OS detected locale (en-US).
[2018.11.19-20.30.00:019][  0]LogTextLocalizationManager: No specific localization for 'en-US' exists, so the 'en' localization will be used.
[2018.11.19-20.30.00:351][  0]LogStreaming: Display: Took  0.333s to EndInitTextLocalization.
[2018.11.19-20.30.00:351][  0]LogInit: Setting process to per monitor DPI aware
[2018.11.19-20.30.00:375][  0]LogSlate: New Slate User Created.  User Index 0, Is Virtual User: 0
[2018.11.19-20.30.00:375][  0]LogSlate: Slate User Registered.  User Index 0, Is Virtual User: 0
[2018.11.19-20.30.00:499][  0]LogD3D11RHI: D3D11 adapters:
[2018.11.19-20.30.00:522][  0]LogD3D11RHI:    0. 'AMD Radeon (TM) R9 Fury Series' (Feature Level 11_0)
[2018.11.19-20.30.00:522][  0]LogD3D11RHI:       4071/0/8154 MB DedicatedVideo/DedicatedSystem/SharedSystem, Outputs:2, VendorId:0x1002
[2018.11.19-20.30.00:523][  0]LogD3D11RHI:    1. 'Microsoft Basic Render Driver' (Feature Level 11_0)
[2018.11.19-20.30.00:523][  0]LogD3D11RHI:       0/0/8154 MB DedicatedVideo/DedicatedSystem/SharedSystem, Outputs:0, VendorId:0x1414
[2018.11.19-20.30.00:523][  0]LogD3D11RHI: Chosen D3D11 Adapter: 0
[2018.11.19-20.30.00:529][  0]LogD3D11RHI: Creating new Direct3DDevice
[2018.11.19-20.30.00:529][  0]LogD3D11RHI:     GPU DeviceId: 0x7300 (for the marketing name, search the web for "GPU Device Id")
[2018.11.19-20.30.00:529][  0]LogWindows: EnumDisplayDevices:
[2018.11.19-20.30.00:529][  0]LogWindows:    0. 'AMD Radeon (TM) R9 Fury Series' (P:0 D:1)
[2018.11.19-20.30.00:529][  0]LogWindows:    1. 'AMD Radeon (TM) R9 Fury Series' (P:1 D:1)
[2018.11.19-20.30.00:529][  0]LogWindows:    2. 'AMD Radeon (TM) R9 Fury Series' (P:0 D:0)
[2018.11.19-20.30.00:529][  0]LogWindows:    3. 'AMD Radeon (TM) R9 Fury Series' (P:0 D:0)
[2018.11.19-20.30.00:529][  0]LogWindows:    4. 'AMD Radeon (TM) R9 Fury Series' (P:0 D:0)
[2018.11.19-20.30.00:529][  0]LogWindows:    5. 'AMD Radeon (TM) R9 Fury Series' (P:0 D:0)
[2018.11.19-20.30.00:529][  0]LogWindows: DebugString: GetVideoDriverDetailsInvalid PrimaryIsNotTheChoosenAdapter GetVideoDriverDetailsInvalid PrimaryIsNotTheChoosenAdapter GetVideoDriverDetailsInvalid PrimaryIsNotTheChoosenAdapter GetVideoDriverDetailsInvalid PrimaryIsNotTheChoosenAdapter GetVideoDriverDetailsInvalid PrimaryIsNotTheChoosenAdapter GetVideoDriverDetailsInvalid PrimaryIsNotTheChoosenAdapter FoundDriverCount:0 
[2018.11.19-20.30.00:529][  0]LogD3D11RHI:     Adapter Name: AMD Radeon (TM) R9 Fury Series
[2018.11.19-20.30.00:529][  0]LogD3D11RHI:   Driver Version: Unknown (internal:Unknown, unified:Unknown)
[2018.11.19-20.30.00:529][  0]LogD3D11RHI:      Driver Date: Unknown
[2018.11.19-20.30.00:529][  0]LogRHI: Texture pool is 2849 MB (70% of 4071 MB)
[2018.11.19-20.30.00:563][  0]LogD3D11RHI: Async texture creation enabled
[2018.11.19-20.30.00:573][  0]LogD3D11RHI: GPU Timing Frequency: 25.000000 (Debug: 2 1)
[2018.11.19-20.30.00:573][  0]LogShaderCompilers: Guid format shader working directory is 4 characters bigger than the processId version (D:/Game Creation/Unreal Projects/Salvation/Intermediate/Shaders/WorkingDirectory/2204/).
[2018.11.19-20.30.00:574][  0]LogShaderCompilers: Cleaned the shader compiler working directory 'C:/Users/stilg/AppData/Local/Temp/UnrealShaderWorkingDir/DBB9AB444F8D6487F6E9D8BE8FD7F923/'.
[2018.11.19-20.30.00:710][  0]LogTemp: Display: Loaded TP AllDesktopTargetPlatform
[2018.11.19-20.30.00:719][  0]LogTemp: Display: Loaded TP MacClientTargetPlatform
[2018.11.19-20.30.00:728][  0]LogTemp: Display: Loaded TP MacNoEditorTargetPlatform
[2018.11.19-20.30.00:738][  0]LogTemp: Display: Loaded TP MacServerTargetPlatform
[2018.11.19-20.30.00:747][  0]LogTemp: Display: Loaded TP MacTargetPlatform
[2018.11.19-20.30.00:756][  0]LogTemp: Display: Loaded TP WindowsClientTargetPlatform
[2018.11.19-20.30.00:765][  0]LogTemp: Display: Loaded TP WindowsNoEditorTargetPlatform
[2018.11.19-20.30.00:775][  0]LogTemp: Display: Loaded TP WindowsServerTargetPlatform
[2018.11.19-20.30.00:779][  0]LogTemp: Display: Loaded TP WindowsTargetPlatform
[2018.11.19-20.30.00:787][  0]LogTemp: Display: Loaded TP Android_ASTCTargetPlatform
[2018.11.19-20.30.00:796][  0]LogTemp: Display: Loaded TP Android_ATCTargetPlatform
[2018.11.19-20.30.00:805][  0]LogTemp: Display: Loaded TP Android_DXTTargetPlatform
[2018.11.19-20.30.00:813][  0]LogTemp: Display: Loaded TP Android_ETC1aTargetPlatform
[2018.11.19-20.30.00:822][  0]LogTemp: Display: Loaded TP Android_ETC1TargetPlatform
[2018.11.19-20.30.00:830][  0]LogTemp: Display: Loaded TP Android_ETC2TargetPlatform
[2018.11.19-20.30.00:848][  0]LogTemp: Display: Loaded TP Android_MultiTargetPlatform
[2018.11.19-20.30.00:848][  0]LogTemp: Display: Loaded TP Android_PVRTCTargetPlatform
[2018.11.19-20.30.00:857][  0]LogTemp: Display: Loaded TP AndroidTargetPlatform
[2018.11.19-20.30.00:857][  0]LogTemp: Display: Loaded TP HTML5TargetPlatform
[2018.11.19-20.30.00:890][  0]LogTemp: Display: Loaded TP IOSTargetPlatform
[2018.11.19-20.30.00:898][  0]LogTemp: Display: Loaded TP TVOSTargetPlatform
[2018.11.19-20.30.00:907][  0]LogTemp: Display: Loaded TP LinuxClientTargetPlatform
[2018.11.19-20.30.00:916][  0]LogTemp: Display: Loaded TP LinuxNoEditorTargetPlatform
[2018.11.19-20.30.00:924][  0]LogTemp: Display: Loaded TP LinuxServerTargetPlatform
[2018.11.19-20.30.00:933][  0]LogTemp: Display: Loaded TP LinuxTargetPlatform
[2018.11.19-20.30.00:933][  0]LogTargetPlatformManager: Display: Building Assets For Windows
[2018.11.19-20.30.00:994][  0]LogXGEController: Cannot use XGE Controller as Incredibuild is not installed on this machine.
[2018.11.19-20.30.00:994][  0]LogShaderCompilers: Cannot use XGE Shader Compiler as Incredibuild is not installed on this machine.
[2018.11.19-20.30.00:994][  0]LogShaderCompilers: Display: Using Local Shader Compiler.
[2018.11.19-20.30.01:490][  0]LogDerivedDataCache: Display: Max Cache Size: 512 MB
[2018.11.19-20.30.01:561][  0]LogDerivedDataCache: Loaded boot cache 0.07s 74MB C:/Users/stilg/AppData/Local/UnrealEngine/4.19/DerivedDataCache/Boot.ddc.
[2018.11.19-20.30.01:561][  0]LogDerivedDataCache: Display: Loaded Boot cache: C:/Users/stilg/AppData/Local/UnrealEngine/4.19/DerivedDataCache/Boot.ddc
[2018.11.19-20.30.01:561][  0]LogDerivedDataCache: FDerivedDataBackendGraph:  Pak pak cache file D:/Game Creation/Unreal Projects/Salvation/DerivedDataCache/DDC.ddp not found, will not use a pak cache.
[2018.11.19-20.30.01:561][  0]LogDerivedDataCache: Unable to find inner node Pak for hierarchical cache Hierarchy.
[2018.11.19-20.30.01:561][  0]LogDerivedDataCache: FDerivedDataBackendGraph:  CompressedPak pak cache file D:/Game Creation/Unreal Projects/Salvation/DerivedDataCache/Compressed.ddp not found, will not use a pak cache.
[2018.11.19-20.30.01:561][  0]LogDerivedDataCache: Unable to find inner node CompressedPak for hierarchical cache Hierarchy.
[2018.11.19-20.30.01:573][  0]LogDerivedDataCache: Display: Pak cache opened for reading ../../../Engine/DerivedDataCache/Compressed.ddp.
[2018.11.19-20.30.01:585][  0]LogDerivedDataCache: Using Local data cache path C:/Users/stilg/AppData/Local/UnrealEngine/Common/DerivedDataCache: Writable
[2018.11.19-20.30.01:585][  0]LogDerivedDataCache: Shared data cache path not found in *engine.ini, will not use an Shared cache.
[2018.11.19-20.30.01:585][  0]LogDerivedDataCache: Unable to find inner node Shared for hierarchical cache Hierarchy.
[2018.11.19-20.30.01:594][  0]LogMaterial: Verifying Global Shaders for PCD3D_SM5
[2018.11.19-20.30.01:594][  0]LogSlate: Using Freetype 2.6.0
[2018.11.19-20.30.01:594][  0]LogSlate: SlateFontCache - WITH_FREETYPE: 1, WITH_HARFBUZZ: 1
[2018.11.19-20.30.01:594][  0]LogSlate: SlateFontCache - WITH_FREETYPE: 1, WITH_HARFBUZZ: 1
[2018.11.19-20.30.01:678][  0]LogAssetRegistry: FAssetRegistry took 0.0251 seconds to start up
[2018.11.19-20.30.01:895][  0]LogInit: Selected Device Profile: [Windows]
[2018.11.19-20.30.01:991][  0]LogSimplygon: Simplygon DLL not present - disabling.
[2018.11.19-20.30.01:992][  0]LogMeshReduction: Using SimplygonSwarm for distributed automatic mesh merging
[2018.11.19-20.30.01:992][  0]LogMeshReduction: Using QuadricMeshReduction for automatic static mesh reduction
[2018.11.19-20.30.01:992][  0]LogMeshReduction: No automatic skeletal mesh reduction module available
[2018.11.19-20.30.01:992][  0]LogMeshReduction: No automatic mesh merging module available
[2018.11.19-20.30.01:992][  0]LogMeshMerging: No automatic mesh merging module available
[2018.11.19-20.30.02:014][  0]LogNetVersion: Salvation , NetCL: 3944462, EngineNetVer: 2, GameNetVer: 0 (Checksum: 3226605327)
[2018.11.19-20.30.02:362][  0]LogPackageLocalizationCache: Processed 9 localized package path(s) for 2 prioritized culture(s) in 0.082993 seconds
[2018.11.19-20.30.02:367][  0]LogUObjectArray: 36728 objects as part of root set at end of initial load.
[2018.11.19-20.30.02:367][  0]LogUObjectAllocator: 7314304 out of 0 bytes used by permanent object pool.
[2018.11.19-20.30.02:367][  0]LogUObjectArray: CloseDisregardForGC: 0/0 objects in disregard for GC pool
[2018.11.19-20.30.03:487][  0]LogTcpMessaging: Initializing TcpMessaging bridge
[2018.11.19-20.30.03:508][  0]LogUdpMessaging: Initializing bridge on interface 0.0.0.0:0 to multicast group 230.0.0.1:6666.
[2018.11.19-20.30.03:720][  0]SourceControl: Source control is disabled
[2018.11.19-20.30.03:720][  0]SourceControl: Source control is disabled
[2018.11.19-20.30.03:729][  0]SourceControl: Source control is disabled
[2018.11.19-20.30.03:738][  0]SourceControl: Source control is disabled
[2018.11.19-20.30.04:050][  0]LogAndroidPermission: UAndroidPermissionCallbackProxy::GetInstance
[2018.11.19-20.30.04:171][  0]LogOcInput: OculusInput pre-init called
[2018.11.19-20.30.04:237][  0]LogEngine: Initializing Engine...
[2018.11.19-20.30.04:238][  0]LogHMD: Failed to initialize OpenVR with code 110
[2018.11.19-20.30.04:239][  0]LogStats: UGameplayTagsManager::ConstructGameplayTagTree: Construct from data asset -  0.000 s
[2018.11.19-20.30.04:239][  0]LogStats: UGameplayTagsManager::ConstructGameplayTagTree: GameplayTagTreeChangedEvent.Broadcast -  0.000 s
[2018.11.19-20.30.04:418][  0]LogAIModule: Creating AISystem for world Untitled
[2018.11.19-20.30.04:454][  0]LogInit: XAudio2 using 'Speakers (High Definition Audio Device)' : 2 channels at 48 kHz using 32 bits per sample (channel mask 0x3)
[2018.11.19-20.30.04:464][  0]LogInit: FAudioDevice initialized.
[2018.11.19-20.30.04:535][  0]LogDerivedDataCache: Saved boot cache 0.07s 74MB C:/Users/stilg/AppData/Local/UnrealEngine/4.19/DerivedDataCache/Boot.ddc.
[2018.11.19-20.30.04:549][  0]LogInit: Texture streaming: Enabled
[2018.11.19-20.30.04:558][  0]LogEngineSessionManager: EngineSessionManager initialized
[2018.11.19-20.30.04:566][  0]LogInit: Transaction tracking system initialized
[2018.11.19-20.30.04:577][  0]BlueprintLog: New page: Editor Load
[2018.11.19-20.30.04:616][  0]LocalizationService: Localization service is disabled
[2018.11.19-20.30.04:678][  0]LogUObjectGlobals: Created PersistentFrame Addr=0x000002410ac95960, Size=88, Default__Landscape_Sculpt_Mode_C Function /Engine/Tutorial/Landscape/Landscape_Sculpt_Mode.Landscape_Sculpt_Mode_C:ExecuteUbergraph_Landscape_Sculpt_Mode
[2018.11.19-20.30.04:679][  0]LogUObjectGlobals: Destroyed PersistentFrame Addr=0x000002410ac95960, Size=88
[2018.11.19-20.30.04:680][  0]LogUObjectGlobals: Created PersistentFrame Addr=0x000002410ac95960, Size=88, Default__Landscape_Sculpt_Mode_C Function /Engine/Transient.REINST_Landscape_Sculpt_Mode_C_3:ExecuteUbergraph_Landscape_Sculpt_Mode
[2018.11.19-20.30.04:681][  0]LogUObjectGlobals: Created PersistentFrame Addr=0x000002410ab676a0, Size=80, Default__Landscape_Sculpt_Mode_C Function /Engine/Tutorial/Landscape/Landscape_Sculpt_Mode.Landscape_Sculpt_Mode_C:ExecuteUbergraph_Landscape_Sculpt_Mode
[2018.11.19-20.30.04:713][  0]LogUObjectGlobals: Created PersistentFrame Addr=0x000002410ac950c0, Size=88, Default__Landscape_Painting_Mode_C Function /Engine/Tutorial/Landscape/Landscape_Painting_Mode.Landscape_Painting_Mode_C:ExecuteUbergraph_Landscape_Painting_Mode
[2018.11.19-20.30.04:715][  0]LogUObjectGlobals: Destroyed PersistentFrame Addr=0x000002410ac950c0, Size=88
[2018.11.19-20.30.04:715][  0]LogUObjectGlobals: Created PersistentFrame Addr=0x000002410ac950c0, Size=88, Default__Landscape_Painting_Mode_C Function /Engine/Transient.REINST_Landscape_Painting_Mode_C_5:ExecuteUbergraph_Landscape_Painting_Mode
[2018.11.19-20.30.04:717][  0]LogUObjectGlobals: Created PersistentFrame Addr=0x000002410ab2f290, Size=80, Default__Landscape_Painting_Mode_C Function /Engine/Tutorial/Landscape/Landscape_Painting_Mode.Landscape_Painting_Mode_C:ExecuteUbergraph_Landscape_Painting_Mode
[2018.11.19-20.30.04:734][  0]LogConsoleResponse: Display: 
[2018.11.19-20.30.04:844][  0]LogCook: Display: Max memory allowance for cook 16384mb min free memory 0mb
[2018.11.19-20.30.04:844][  0]LogCook: Display: Mobile HDR setting 1
[2018.11.19-20.30.04:844][  0]LogGameplayTags: Display: UGameplayTagsManager::DoneAddingNativeTags. DelegateIsBound: 0
[2018.11.19-20.30.04:844][  0]LogStats: UGameplayTagsManager::ConstructGameplayTagTree: Construct from data asset -  0.000 s
[2018.11.19-20.30.04:844][  0]LogStats: UGameplayTagsManager::ConstructGameplayTagTree: GameplayTagTreeChangedEvent.Broadcast -  0.000 s
[2018.11.19-20.30.04:977][  0]LogFileCache: Scanning file cache for directory 'D:/Game Creation/Unreal Projects/Salvation/Content/' took 0.01s
[2018.11.19-20.30.05:035][  0]SourceControl: Source control is disabled
[2018.11.19-20.30.05:035][  0]Cmd: MAP LOAD FILE="../../../Engine/Content/Maps/Templates/Template_Default.umap" TEMPLATE=1 SHOWPROGRESS=1 FEATURELEVEL=3
[2018.11.19-20.30.05:035][  0]LightingResults: New page: Lighting Build
[2018.11.19-20.30.05:036][  0]MapCheck: New page: Map Check
[2018.11.19-20.30.05:036][  0]LightingResults: New page: Lighting Build
[2018.11.19-20.30.05:046][  0]LogUObjectGlobals: Destroyed PersistentFrame Addr=0x000002410ac95960, Size=88
[2018.11.19-20.30.05:046][  0]LogUObjectGlobals: Destroyed PersistentFrame Addr=0x000002410ac950c0, Size=88
[2018.11.19-20.30.05:137][  0]LogAIModule: Creating AISystem for world Untitled_1
[2018.11.19-20.30.05:142][  0]LogEditorServer: Finished looking for orphan Actors (0.000 secs)
[2018.11.19-20.30.05:153][  0]Cmd: MAP CHECKDEP NOCLEARLOG
[2018.11.19-20.30.05:180][  0]MapCheck: Map check complete: 0 Error(s), 0 Warning(s), took 27.035ms to complete.
[2018.11.19-20.30.05:180][  0]LogFileHelpers: Loading map 'Template_Default' took 0.146
[2018.11.19-20.30.05:320][  0]LogCollectionManager: Loaded 0 collections in 0.000660 seconds
[2018.11.19-20.30.05:364][  0]LogFileCache: Scanning file cache for directory 'D:/Game Creation/Unreal Projects/Salvation/Saved/Collections/' took 0.01s
[2018.11.19-20.30.05:364][  0]LogFileCache: Scanning file cache for directory 'D:/Game Creation/Unreal Projects/Salvation/Content/Developers/stilg/Collections/' took 0.01s
[2018.11.19-20.30.05:364][  0]LogFileCache: Scanning file cache for directory 'D:/Game Creation/Unreal Projects/Salvation/Content/Collections/' took 0.01s
[2018.11.19-20.30.05:364][  0]LogCollectionManager: Rebuilt the GUID cache for 0 collections in 0.000001 seconds
[2018.11.19-20.30.05:371][  0]LogContentBrowser: Native class hierarchy populated in 0.0071 seconds. Added 2452 classes and 558 folders.
[2018.11.19-20.30.05:376][  0]LogContentBrowser: Native class hierarchy updated for 'WidgetCarousel' in 0.0002 seconds. Added 0 classes and 0 folders.
[2018.11.19-20.30.05:401][  0]LogContentBrowser: Native class hierarchy updated for 'AddContentDialog' in 0.0002 seconds. Added 0 classes and 0 folders.
[2018.11.19-20.30.05:404][  0]LogContentBrowser: Native class hierarchy updated for 'SceneOutliner' in 0.0002 seconds. Added 1 classes and 2 folders.
[2018.11.19-20.30.05:455][  0]LogSlate: Took 0.000156 seconds to synchronously load lazily loaded font '../../../Engine/Content/Slate/Fonts/Roboto-Regular.ttf' (155K)
[2018.11.19-20.30.05:457][  0]LogSlate: Took 0.000150 seconds to synchronously load lazily loaded font '../../../Engine/Content/Slate/Fonts/Roboto-Bold.ttf' (160K)
[2018.11.19-20.30.05:461][  0]LogSlate: Took 0.000177 seconds to synchronously load lazily loaded font '../../../Engine/Content/Editor/Slate/Fonts/FontAwesome.ttf' (139K)
[2018.11.19-20.30.05:537][  0]LogRenderer: Reallocating scene render targets to support 1616x1036 Format 10 NumSamples 1 (Frame:1).
[2018.11.19-20.30.05:709][  0]LogContentBrowser: Native class hierarchy updated for 'HierarchicalLODOutliner' in 0.0002 seconds. Added 0 classes and 0 folders.
[2018.11.19-20.30.05:709][  0]LogLoad: (Engine Initialization) Total time: 7.08 seconds
[2018.11.19-20.30.05:709][  0]LogLoad: (Engine Initialization) Total Blueprint compile time: 0.00 seconds
[2018.11.19-20.30.05:719][  0]LogWindowsTextInputMethodSystem: Display: IME system now deactivated.
[2018.11.19-20.30.05:733][  0]LogAssetRegistry: Asset discovery search completed in 4.0777 seconds
[2018.11.19-20.30.05:734][  0]LogCollectionManager: Rebuilt the object cache for 0 collections in 0.000000 seconds (found 0 objects)
[2018.11.19-20.30.05:734][  0]LogCollectionManager: Fixed up redirectors for 0 collections in 0.000040 seconds (updated 0 objects)
[2018.11.19-20.30.05:737][  0]LogContentStreaming: Texture pool size now 1000 MB
[2018.11.19-20.30.08:273][294]LogSlate: FSceneViewport::OnFocusLost() reason 0
[2018.11.19-20.30.08:381][306]LogSlate: Took 0.000151 seconds to synchronously load lazily loaded font '../../../Engine/Content/Slate/Fonts/Roboto-Light.ttf' (167K)
[2018.11.19-20.30.08:421][306]LogUObjectGlobals: Created PersistentFrame Addr=0x000002413b62f380, Size=280, Default__Jiffy_C Function /Game/Core/Player/Jiffy.Jiffy_C:ExecuteUbergraph_Jiffy
[2018.11.19-20.30.08:424][306]LogUObjectGlobals: Destroyed PersistentFrame Addr=0x000002413b62f380, Size=280
[2018.11.19-20.30.08:424][306]LogUObjectGlobals: Created PersistentFrame Addr=0x000002413b62f380, Size=280, Default__Jiffy_C Function /Engine/Transient.REINST_Jiffy_C_9:ExecuteUbergraph_Jiffy
[2018.11.19-20.30.08:426][306]LogUObjectGlobals: Created PersistentFrame Addr=0x000002413b62ed40, Size=280, Default__Jiffy_C Function /Game/Core/Player/Jiffy.Jiffy_C:ExecuteUbergraph_Jiffy
[2018.11.19-20.30.08:434][306]LogUObjectGlobals: Created PersistentFrame Addr=0x000002413b612800, Size=704, Default__PlayerController_C Function /Game/Core/Player/PlayerController.PlayerController_C:ExecuteUbergraph_PlayerController
[2018.11.19-20.30.08:438][306]LogUObjectGlobals: Destroyed PersistentFrame Addr=0x000002413b612800, Size=704
[2018.11.19-20.30.08:438][306]LogUObjectGlobals: Created PersistentFrame Addr=0x000002413b612800, Size=704, Default__PlayerController_C Function /Engine/Transient.REINST_PlayerController_C_11:ExecuteUbergraph_PlayerController
[2018.11.19-20.30.08:441][306]LogUObjectGlobals: Created PersistentFrame Addr=0x000002413b577400, Size=712, Default__PlayerController_C Function /Game/Core/Player/PlayerController.PlayerController_C:ExecuteUbergraph_PlayerController
[2018.11.19-20.30.08:445][306]LogLinker: Warning: Can't find file '/Game/Test/Maps/TestMap1_BuiltData'
[2018.11.19-20.30.08:445][306]LogLinker: Warning: Can't find file for asset '/Game/Test/Maps/TestMap1_BuiltData' while loading D:/Game Creation/Unreal Projects/Salvation/Content/Test/Maps/TestMap1.umap.
[2018.11.19-20.30.08:445][306]LoadErrors: Error: /Game/Test/Maps/TestMap1 : Can't find file for asset. /Game/Test/Maps/TestMap1_BuiltData
[2018.11.19-20.30.08:446][306]LogLinker: Warning: Can't find file '/Game/Test/Maps/TestMap1_BuiltData'
[2018.11.19-20.30.08:446][306]LogLinker: Warning: Can't find file for asset '/Game/Test/Maps/TestMap1_BuiltData' while loading D:/Game Creation/Unreal Projects/Salvation/Content/Test/Maps/TestMap1.umap.
[2018.11.19-20.30.08:460][306]LogLinker: Warning: Can't find file '/Game/Test/Maps/TestMap1_BuiltData'
[2018.11.19-20.30.08:460][306]LoadErrors: Failed to load /Game/Test/Maps/TestMap1_BuiltData.TestMap1_BuiltData Referenced by PersistentLevel
[2018.11.19-20.30.08:460][306]LogLinker: Warning: Can't find file for asset '/Game/Test/Maps/TestMap1_BuiltData' while loading NULL.
[2018.11.19-20.30.08:478][306]LogSkeletalMesh: Skeletal Mesh found in DDC [1.174414ms] /Game/Core/Player/PT_Medieval_Peasant_01_a.PT_Medieval_Peasant_01_a
[2018.11.19-20.30.08:490][306]LogAIModule: Creating AISystem for world TestMap1
[2018.11.19-20.30.08:516][306]LogUObjectGlobals: Destroyed PersistentFrame Addr=0x000002413b612800, Size=704
[2018.11.19-20.30.08:516][306]LogUObjectGlobals: Destroyed PersistentFrame Addr=0x000002413b62f380, Size=280
[2018.11.19-20.30.08:517][306]Cmd: MAP LOAD FILE="D:/Game Creation/Unreal Projects/Salvation/Content/Test/Maps/TestMap1.umap" TEMPLATE=0 SHOWPROGRESS=1 FEATURELEVEL=3
[2018.11.19-20.30.08:517][306]LightingResults: New page: Lighting Build
[2018.11.19-20.30.08:518][306]LoadErrors: New page: Loading map: TestMap1.umap
[2018.11.19-20.30.08:518][306]MapCheck: New page: Map Check
[2018.11.19-20.30.08:518][306]LightingResults: New page: Lighting Build
[2018.11.19-20.30.08:594][306]LogEditorServer: Finished looking for orphan Actors (0.000 secs)
[2018.11.19-20.30.08:631][306]Cmd: MAP CHECKDEP NOCLEARLOG
[2018.11.19-20.30.08:658][306]MapCheck: Map check complete: 0 Error(s), 0 Warning(s), took 26.865ms to complete.
[2018.11.19-20.30.08:658][306]LogFileHelpers: Loading map 'TestMap1' took 0.141
[2018.11.19-20.30.10:910][557]LogSlate: FSceneViewport::OnFocusLost() reason 0
[2018.11.19-20.30.10:968][564]LogTemp: Repeating last play command: Selected Viewport
[2018.11.19-20.30.10:981][564]LogPlayLevel: PlayLevel: No blueprints needed recompiling
[2018.11.19-20.30.10:981][564]PIE: New page: PIE session: TestMap1 (Nov 19, 2018, 4:30:10 AM)
[2018.11.19-20.30.10:981][564]LogPlayLevel: Creating play world package: /Game/Test/Maps/UEDPIE_0_TestMap1
[2018.11.19-20.30.11:007][564]LogPlayLevel: PIE: StaticDuplicateObject took: (0.025769s)
[2018.11.19-20.30.11:008][564]LogAIModule: Creating AISystem for world TestMap1
[2018.11.19-20.30.11:008][564]LogPlayLevel: PIE: World Init took: (0.001089s)
[2018.11.19-20.30.11:008][564]LogPlayLevel: PIE: Created PIE world by copying editor world from /Game/Test/Maps/TestMap1.TestMap1 to /Game/Test/Maps/UEDPIE_0_TestMap1.TestMap1 (0.027045s)
[2018.11.19-20.30.11:038][564]LogInit: XAudio2 using 'Speakers (High Definition Audio Device)' : 2 channels at 48 kHz using 32 bits per sample (channel mask 0x3)
[2018.11.19-20.30.11:044][564]LogInit: FAudioDevice initialized.
[2018.11.19-20.30.11:088][564]LogLoad: Game class is 'BasicGameMode_C'
[2018.11.19-20.30.11:090][564]LogWorld: Bringing World /Game/Test/Maps/UEDPIE_0_TestMap1.TestMap1 up for play (max tick rate 0) at 2018.11.19-12.30.11
[2018.11.19-20.30.11:090][564]LogWorld: Bringing up level for play took: 0.001588
[2018.11.19-20.30.11:092][564]LogContentBrowser: Native class hierarchy updated for 'MovieSceneCapture' in 0.0002 seconds. Added 11 classes and 0 folders.
[2018.11.19-20.30.11:094][564]PIE: Play in editor start time for /Game/Test/Maps/UEDPIE_0_TestMap1 -0.036
